<?xml version="1.0" encoding="UTF-8"?>
<testng-results ignored="0" total="4" passed="3" failed="1" skipped="0">
  <reporter-output>
  </reporter-output>
  <suite started-at="2022-12-20T00:41:54 EST" name="Default suite" finished-at="2022-12-20T00:42:54 EST" duration-ms="60595">
    <groups>
    </groups>
    <test started-at="2022-12-20T00:41:54 EST" name="Default test" finished-at="2022-12-20T00:42:54 EST" duration-ms="60595">
      <class name="com.firelawnpackagetwo.firelawntest">
        <test-method is-config="true" signature="TC00()[pri:0, instance:com.firelawnpackagetwo.firelawntest@7880cdf3]" started-at="2022-12-20T00:41:54 EST" name="TC00" finished-at="2022-12-20T00:42:00 EST" duration-ms="6148" status="PASS">
          <reporter-output>
          </reporter-output>
        </test-method> <!-- TC00 -->
        <test-method signature="TC01()[pri:0, instance:com.firelawnpackagetwo.firelawntest@7880cdf3]" started-at="2022-12-20T00:42:00 EST" name="TC01" finished-at="2022-12-20T00:42:02 EST" duration-ms="2355" status="PASS">
          <reporter-output>
          </reporter-output>
        </test-method> <!-- TC01 -->
        <test-method is-config="true" signature="endprogram()[pri:0, instance:com.firelawnpackagetwo.firelawntest@7880cdf3]" started-at="2022-12-20T00:42:02 EST" name="endprogram" finished-at="2022-12-20T00:42:08 EST" duration-ms="5207" status="PASS">
          <reporter-output>
          </reporter-output>
        </test-method> <!-- endprogram -->
        <test-method is-config="true" signature="TC00()[pri:0, instance:com.firelawnpackagetwo.firelawntest@7880cdf3]" started-at="2022-12-20T00:42:08 EST" name="TC00" finished-at="2022-12-20T00:42:17 EST" duration-ms="9432" status="PASS">
          <reporter-output>
          </reporter-output>
        </test-method> <!-- TC00 -->
        <test-method signature="TC02()[pri:0, instance:com.firelawnpackagetwo.firelawntest@7880cdf3]" started-at="2022-12-20T00:42:17 EST" name="TC02" finished-at="2022-12-20T00:42:18 EST" duration-ms="1299" status="PASS">
          <reporter-output>
          </reporter-output>
        </test-method> <!-- TC02 -->
        <test-method is-config="true" signature="endprogram()[pri:0, instance:com.firelawnpackagetwo.firelawntest@7880cdf3]" started-at="2022-12-20T00:42:18 EST" name="endprogram" finished-at="2022-12-20T00:42:24 EST" duration-ms="5230" status="PASS">
          <reporter-output>
          </reporter-output>
        </test-method> <!-- endprogram -->
        <test-method is-config="true" signature="TC00()[pri:0, instance:com.firelawnpackagetwo.firelawntest@7880cdf3]" started-at="2022-12-20T00:42:24 EST" name="TC00" finished-at="2022-12-20T00:42:31 EST" duration-ms="7652" status="PASS">
          <reporter-output>
          </reporter-output>
        </test-method> <!-- TC00 -->
        <test-method signature="TC03()[pri:0, instance:com.firelawnpackagetwo.firelawntest@7880cdf3]" started-at="2022-12-20T00:42:31 EST" name="TC03" finished-at="2022-12-20T00:42:33 EST" duration-ms="1370" status="PASS">
          <reporter-output>
          </reporter-output>
        </test-method> <!-- TC03 -->
        <test-method is-config="true" signature="endprogram()[pri:0, instance:com.firelawnpackagetwo.firelawntest@7880cdf3]" started-at="2022-12-20T00:42:33 EST" name="endprogram" finished-at="2022-12-20T00:42:38 EST" duration-ms="5197" status="PASS">
          <reporter-output>
          </reporter-output>
        </test-method> <!-- endprogram -->
        <test-method is-config="true" signature="TC00()[pri:0, instance:com.firelawnpackagetwo.firelawntest@7880cdf3]" started-at="2022-12-20T00:42:38 EST" name="TC00" finished-at="2022-12-20T00:42:43 EST" duration-ms="5034" status="PASS">
          <reporter-output>
          </reporter-output>
        </test-method> <!-- TC00 -->
        <test-method signature="TC04()[pri:0, instance:com.firelawnpackagetwo.firelawntest@7880cdf3]" started-at="2022-12-20T00:42:43 EST" name="TC04" finished-at="2022-12-20T00:42:49 EST" duration-ms="6428" status="FAIL">
          <exception class="org.openqa.selenium.NoSuchElementException">
            <message>
              <![CDATA[no such element: Unable to locate element: {"method":"xpath","selector":"(//button[@tabindex="0"])[2]"}
  (Session info: chrome=108.0.5359.125)
For documentation on this error, please visit: http://seleniumhq.org/exceptions/no_such_element.html
Build info: version: '3.141.0', revision: '2ecb7d9a', time: '2018-10-31T20:22:52'
System info: host: 'SATHWIK', ip: '10.0.0.12', os.name: 'Windows 10', os.arch: 'amd64', os.version: '10.0', java.version: '18.0.1.1'
Driver info: org.openqa.selenium.chrome.ChromeDriver
Capabilities {acceptInsecureCerts: false, browserName: chrome, browserVersion: 108.0.5359.125, chrome: {chromedriverVersion: 108.0.5359.71 (1e0e3868ee06..., userDataDir: C:\Users\Sathwik\AppData\Lo...}, goog:chromeOptions: {debuggerAddress: localhost:51388}, javascriptEnabled: true, networkConnectionEnabled: false, pageLoadStrategy: normal, platform: WINDOWS, platformName: WINDOWS, proxy: Proxy(), setWindowRect: true, strictFileInteractability: false, timeouts: {implicit: 0, pageLoad: 300000, script: 30000}, unhandledPromptBehavior: dismiss and notify, webauthn:extension:credBlob: true, webauthn:extension:largeBlob: true, webauthn:virtualAuthenticators: true}
Session ID: c07506ec0122cc20f0701586ff63d824
*** Element info: {Using=xpath, value=(//button[@tabindex="0"])[2]}]]>
            </message>
            <full-stacktrace>
              <![CDATA[org.openqa.selenium.NoSuchElementException: no such element: Unable to locate element: {"method":"xpath","selector":"(//button[@tabindex="0"])[2]"}
  (Session info: chrome=108.0.5359.125)
For documentation on this error, please visit: http://seleniumhq.org/exceptions/no_such_element.html
Build info: version: '3.141.0', revision: '2ecb7d9a', time: '2018-10-31T20:22:52'
System info: host: 'SATHWIK', ip: '10.0.0.12', os.name: 'Windows 10', os.arch: 'amd64', os.version: '10.0', java.version: '18.0.1.1'
Driver info: org.openqa.selenium.chrome.ChromeDriver
Capabilities {acceptInsecureCerts: false, browserName: chrome, browserVersion: 108.0.5359.125, chrome: {chromedriverVersion: 108.0.5359.71 (1e0e3868ee06..., userDataDir: C:\Users\Sathwik\AppData\Lo...}, goog:chromeOptions: {debuggerAddress: localhost:51388}, javascriptEnabled: true, networkConnectionEnabled: false, pageLoadStrategy: normal, platform: WINDOWS, platformName: WINDOWS, proxy: Proxy(), setWindowRect: true, strictFileInteractability: false, timeouts: {implicit: 0, pageLoad: 300000, script: 30000}, unhandledPromptBehavior: dismiss and notify, webauthn:extension:credBlob: true, webauthn:extension:largeBlob: true, webauthn:virtualAuthenticators: true}
Session ID: c07506ec0122cc20f0701586ff63d824
*** Element info: {Using=xpath, value=(//button[@tabindex="0"])[2]}
at java.base/jdk.internal.reflect.DirectConstructorHandleAccessor.newInstance(DirectConstructorHandleAccessor.java:67)
at java.base/java.lang.reflect.Constructor.newInstanceWithCaller(Constructor.java:499)
at java.base/java.lang.reflect.Constructor.newInstance(Constructor.java:483)
at org.openqa.selenium.remote.http.W3CHttpResponseCodec.createException(W3CHttpResponseCodec.java:187)
at org.openqa.selenium.remote.http.W3CHttpResponseCodec.decode(W3CHttpResponseCodec.java:122)
at org.openqa.selenium.remote.http.W3CHttpResponseCodec.decode(W3CHttpResponseCodec.java:49)
at org.openqa.selenium.remote.HttpCommandExecutor.execute(HttpCommandExecutor.java:158)
at org.openqa.selenium.remote.service.DriverCommandExecutor.execute(DriverCommandExecutor.java:83)
at org.openqa.selenium.remote.RemoteWebDriver.execute(RemoteWebDriver.java:552)
at org.openqa.selenium.remote.RemoteWebDriver.findElement(RemoteWebDriver.java:323)
at org.openqa.selenium.remote.RemoteWebDriver.findElementByXPath(RemoteWebDriver.java:428)
at org.openqa.selenium.By$ByXPath.findElement(By.java:353)
at org.openqa.selenium.remote.RemoteWebDriver.findElement(RemoteWebDriver.java:315)
at org.openqa.selenium.support.pagefactory.DefaultElementLocator.findElement(DefaultElementLocator.java:69)
at org.openqa.selenium.support.pagefactory.internal.LocatingElementHandler.invoke(LocatingElementHandler.java:38)
at jdk.proxy2/jdk.proxy2.$Proxy12.click(Unknown Source)
at com.firelawnpackageone.homepage4.click_addtocart(homepage4.java:64)
at com.firelawnpackagetwo.firelawntest.TC04(firelawntest.java:131)
at java.base/jdk.internal.reflect.DirectMethodHandleAccessor.invoke(DirectMethodHandleAccessor.java:104)
at java.base/java.lang.reflect.Method.invoke(Method.java:577)
at org.testng.internal.MethodInvocationHelper.invokeMethod(MethodInvocationHelper.java:133)
at org.testng.internal.TestInvoker.invokeMethod(TestInvoker.java:598)
at org.testng.internal.TestInvoker.invokeTestMethod(TestInvoker.java:173)
at org.testng.internal.MethodRunner.runInSequence(MethodRunner.java:46)
at org.testng.internal.TestInvoker$MethodInvocationAgent.invoke(TestInvoker.java:824)
at org.testng.internal.TestInvoker.invokeTestMethods(TestInvoker.java:146)
at org.testng.internal.TestMethodWorker.invokeTestMethods(TestMethodWorker.java:146)
at org.testng.internal.TestMethodWorker.run(TestMethodWorker.java:128)
at java.base/java.util.ArrayList.forEach(ArrayList.java:1511)
at org.testng.TestRunner.privateRun(TestRunner.java:794)
at org.testng.TestRunner.run(TestRunner.java:596)
at org.testng.SuiteRunner.runTest(SuiteRunner.java:377)
at org.testng.SuiteRunner.runSequentially(SuiteRunner.java:371)
at org.testng.SuiteRunner.privateRun(SuiteRunner.java:332)
at org.testng.SuiteRunner.run(SuiteRunner.java:276)
at org.testng.SuiteRunnerWorker.runSuite(SuiteRunnerWorker.java:53)
at org.testng.SuiteRunnerWorker.run(SuiteRunnerWorker.java:96)
at org.testng.TestNG.runSuitesSequentially(TestNG.java:1212)
at org.testng.TestNG.runSuitesLocally(TestNG.java:1134)
at org.testng.TestNG.runSuites(TestNG.java:1063)
at org.testng.TestNG.run(TestNG.java:1031)
at org.testng.remote.AbstractRemoteTestNG.run(AbstractRemoteTestNG.java:115)
at org.testng.remote.RemoteTestNG.initAndRun(RemoteTestNG.java:251)
at org.testng.remote.RemoteTestNG.main(RemoteTestNG.java:77)
]]>
            </full-stacktrace>
          </exception> <!-- org.openqa.selenium.NoSuchElementException -->
          <reporter-output>
          </reporter-output>
        </test-method> <!-- TC04 -->
        <test-method is-config="true" signature="endprogram()[pri:0, instance:com.firelawnpackagetwo.firelawntest@7880cdf3]" started-at="2022-12-20T00:42:49 EST" name="endprogram" finished-at="2022-12-20T00:42:54 EST" duration-ms="5193" status="PASS">
          <reporter-output>
          </reporter-output>
        </test-method> <!-- endprogram -->
      </class> <!-- com.firelawnpackagetwo.firelawntest -->
    </test> <!-- Default test -->
  </suite> <!-- Default suite -->
</testng-results>
